Using pre-set license
Built from '2021.3/staging' branch; Version is '2021.3.2f1 (d6360bedb9a0) revision 14038539'; Using compiler version '192829333'; Build Type 'Release'
OS: 'Windows 10  (10.0.19044) 64bit Core' Language: 'en' Physical Memory: 32714 MB
BatchMode: 1, IsHumanControllingUs: 0, StartBugReporterOnCrash: 0, Is64bit: 1, IsPro: 1

COMMAND LINE ARGUMENTS:
C:\Program Files\Unity\Hub\Editor\2021.3.2f1\Editor\Unity.exe
-adb2
-batchMode
-noUpm
-name
AssetImportWorker0
-projectPath
C:/Users/NIThyrian/Desktop/GameJam2022/CoffeeMan
-logFile
Logs/AssetImportWorker0.log
-srvPort
54197
Successfully changed project path to: C:/Users/NIThyrian/Desktop/GameJam2022/CoffeeMan
C:/Users/NIThyrian/Desktop/GameJam2022/CoffeeMan
[UnityMemory] Configuration Parameters - Can be set up in boot.config
    "memorysetup-bucket-allocator-granularity=16"
    "memorysetup-bucket-allocator-bucket-count=8"
    "memorysetup-bucket-allocator-block-size=33554432"
    "memorysetup-bucket-allocator-block-count=8"
    "memorysetup-main-allocator-block-size=16777216"
    "memorysetup-thread-allocator-block-size=16777216"
    "memorysetup-gfx-main-allocator-block-size=16777216"
    "memorysetup-gfx-thread-allocator-block-size=16777216"
    "memorysetup-cache-allocator-block-size=4194304"
    "memorysetup-typetree-allocator-block-size=2097152"
    "memorysetup-profiler-bucket-allocator-granularity=16"
    "memorysetup-profiler-bucket-allocator-bucket-count=8"
    "memorysetup-profiler-bucket-allocator-block-size=33554432"
    "memorysetup-profiler-bucket-allocator-block-count=8"
    "memorysetup-profiler-allocator-block-size=16777216"
    "memorysetup-profiler-editor-allocator-block-size=1048576"
    "memorysetup-temp-allocator-size-main=16777216"
    "memorysetup-job-temp-allocator-block-size=2097152"
    "memorysetup-job-temp-allocator-block-size-background=1048576"
    "memorysetup-job-temp-allocator-reduction-small-platforms=262144"
    "memorysetup-temp-allocator-size-background-worker=32768"
    "memorysetup-temp-allocator-size-job-worker=262144"
    "memorysetup-temp-allocator-size-preload-manager=33554432"
    "memorysetup-temp-allocator-size-nav-mesh-worker=65536"
    "memorysetup-temp-allocator-size-audio-worker=65536"
    "memorysetup-temp-allocator-size-cloud-worker=32768"
    "memorysetup-temp-allocator-size-gi-baking-worker=262144"
    "memorysetup-temp-allocator-size-gfx=262144"
Refreshing native plugins compatible for Editor in 79.67 ms, found 3 plugins.
Preloading 0 native plugins for Editor in 0.00 ms.
Initialize engine version: 2021.3.2f1 (d6360bedb9a0)
[Subsystems] Discovering subsystems at path C:/Program Files/Unity/Hub/Editor/2021.3.2f1/Editor/Data/Resources/UnitySubsystems
[Subsystems] Discovering subsystems at path C:/Users/NIThyrian/Desktop/GameJam2022/CoffeeMan/Assets
GfxDevice: creating device client; threaded=0; jobified=0
Direct3D:
    Version:  Direct3D 11.0 [level 11.1]
    Renderer: NVIDIA GeForce GTX 1070 (ID=0x1b81)
    Vendor:   NVIDIA
    VRAM:     8088 MB
    Driver:   30.0.15.1215
Initialize mono
Mono path[0] = 'C:/Program Files/Unity/Hub/Editor/2021.3.2f1/Editor/Data/Managed'
Mono path[1] = 'C:/Program Files/Unity/Hub/Editor/2021.3.2f1/Editor/Data/MonoBleedingEdge/lib/mono/unityjit-win32'
Mono config path = 'C:/Program Files/Unity/Hub/Editor/2021.3.2f1/Editor/Data/MonoBleedingEdge/etc'
Using monoOptions --debugger-agent=transport=dt_socket,embedding=1,server=y,suspend=n,address=127.0.0.1:56796
Begin MonoManager ReloadAssembly
Registering precompiled unity dll's ...
Register platform support module: C:/Program Files/Unity/Hub/Editor/2021.3.2f1/Editor/Data/PlaybackEngines/WindowsStandaloneSupport/UnityEditor.WindowsStandalone.Extensions.dll
Registered in 0.009726 seconds.
Native extension for WindowsStandalone target not found
Refreshing native plugins compatible for Editor in 78.40 ms, found 3 plugins.
Preloading 0 native plugins for Editor in 0.00 ms.
Mono: successfully reloaded assembly
- Completed reload, in  0.647 seconds
Domain Reload Profiling:
	ReloadAssembly (647ms)
		BeginReloadAssembly (76ms)
			ExecutionOrderSort (0ms)
			DisableScriptedObjects (0ms)
			BackupInstance (0ms)
			ReleaseScriptingObjects (0ms)
			CreateAndSetChildDomain (1ms)
		EndReloadAssembly (455ms)
			LoadAssemblies (73ms)
			RebuildTransferFunctionScriptingTraits (0ms)
			SetupTypeCache (100ms)
			ReleaseScriptCaches (0ms)
			RebuildScriptCaches (28ms)
			SetupLoadedEditorAssemblies (275ms)
				LogAssemblyErrors (0ms)
				InitializePlatformSupportModulesInManaged (9ms)
				SetLoadedEditorAssemblies (0ms)
				RefreshPlugins (78ms)
				BeforeProcessingInitializeOnLoad (1ms)
				ProcessInitializeOnLoadAttributes (141ms)
				ProcessInitializeOnLoadMethodAttributes (45ms)
				AfterProcessingInitializeOnLoad (0ms)
				EditorAssembliesLoaded (0ms)
			ExecutionOrderSort2 (0ms)
			AwakeInstancesAfterBackupRestoration (0ms)
Platform modules already initialized, skipping
Registering precompiled user dll's ...
Registered in 0.007413 seconds.
Begin MonoManager ReloadAssembly
Symbol file LoadedFromMemory doesn't match image C:\Users\NIThyrian\Desktop\GameJam2022\CoffeeMan\Library\PackageCache\com.unity.visualscripting@1.7.6\Editor\VisualScripting.Core\Dependencies\YamlDotNet\Unity.VisualScripting.YamlDotNet.dll
Symbol file LoadedFromMemory doesn't match image C:\Users\NIThyrian\Desktop\GameJam2022\CoffeeMan\Library\PackageCache\com.unity.visualscripting@1.7.6\Editor\VisualScripting.Core\Dependencies\DotNetZip\Unity.VisualScripting.IonicZip.dll
Native extension for WindowsStandalone target not found
Refreshing native plugins compatible for Editor in 0.46 ms, found 3 plugins.
Preloading 0 native plugins for Editor in 0.00 ms.
Mono: successfully reloaded assembly
- Completed reload, in  1.023 seconds
Domain Reload Profiling:
	ReloadAssembly (1023ms)
		BeginReloadAssembly (108ms)
			ExecutionOrderSort (0ms)
			DisableScriptedObjects (5ms)
			BackupInstance (0ms)
			ReleaseScriptingObjects (0ms)
			CreateAndSetChildDomain (18ms)
		EndReloadAssembly (797ms)
			LoadAssemblies (79ms)
			RebuildTransferFunctionScriptingTraits (0ms)
			SetupTypeCache (257ms)
			ReleaseScriptCaches (1ms)
			RebuildScriptCaches (47ms)
			SetupLoadedEditorAssemblies (375ms)
				LogAssemblyErrors (0ms)
				InitializePlatformSupportModulesInManaged (6ms)
				SetLoadedEditorAssemblies (1ms)
				RefreshPlugins (1ms)
				BeforeProcessingInitializeOnLoad (92ms)
				ProcessInitializeOnLoadAttributes (237ms)
				ProcessInitializeOnLoadMethodAttributes (27ms)
				AfterProcessingInitializeOnLoad (11ms)
				EditorAssembliesLoaded (0ms)
			ExecutionOrderSort2 (0ms)
			AwakeInstancesAfterBackupRestoration (6ms)
Platform modules already initialized, skipping
========================================================================
Worker process is ready to serve import requests
Launched and connected shader compiler UnityShaderCompiler.exe after 0.07 seconds
Refreshing native plugins compatible for Editor in 0.44 ms, found 3 plugins.
Preloading 0 native plugins for Editor in 0.00 ms.
Unloading 3360 Unused Serialized files (Serialized files now loaded: 0)
Unloading 26 unused Assets / (112.1 KB). Loaded Objects now: 3817.
Memory consumption went from 115.6 MB to 115.5 MB.
Total: 2.960700 ms (FindLiveObjects: 0.240900 ms CreateObjectMapping: 0.193600 ms MarkObjects: 2.440000 ms  DeleteObjects: 0.085200 ms)

AssetImportParameters requested are different than current active one (requested -> active):
  custom:video-decoder-ogg-theora: a1e56fd34408186e4bbccfd4996cb3dc -> 
  custom:container-muxer-webm: aa71ff27fc2769a1b78a27578f13a17b -> 
  custom:container-demuxer-webm: 4f35f7cbe854078d1ac9338744f61a02 -> 
  custom:video-encoder-webm-vp8: eb34c28f22e8b96e1ab97ce403110664 -> 
  custom:audio-encoder-webm-vorbis: bf7c407c2cedff20999df2af8eb42d56 -> 
  custom:framework-win-MediaFoundation: 216162199b28c13a410421893ffa2e32 -> 
  custom:container-demuxer-ogg: 62fdf1f143b41e24485cea50d1cbac27 -> 
  custom:video-decoder-webm-vp8: 9c59270c3fd7afecdb556c50c9e8de78 -> 
  custom:audio-decoder-ogg-vorbis: bf7c407c2cedff20999df2af8eb42d56 -> 
========================================================================
Received Import Request.
  Time since last request: 11458.236925 seconds.
  path: Assets/Scenes
  artifactKey: Guid(6ea315d0fd7389c41b19996891e99ae3) Importer(815301076,1909f56bfc062723c751e8b465ee728b)
Start importing Assets/Scenes using Guid(6ea315d0fd7389c41b19996891e99ae3) Importer(815301076,1909f56bfc062723c751e8b465ee728b)  -> (artifact id: 'bc172811d573b296104adb4d2728db37') in 0.008718 seconds 
========================================================================
Received Import Request.
  Time since last request: 0.000017 seconds.
  path: Assets/Scenes/SampleScene.unity
  artifactKey: Guid(9fc0d4010bbf28b4594072e72b8655ab) Importer(815301076,1909f56bfc062723c751e8b465ee728b)
Start importing Assets/Scenes/SampleScene.unity using Guid(9fc0d4010bbf28b4594072e72b8655ab) Importer(815301076,1909f56bfc062723c751e8b465ee728b)  -> (artifact id: '8f2dbbc1cedfd0107ca1ad38e8220053') in 0.006501 seconds 
========================================================================
Received Import Request.
  Time since last request: 16.625418 seconds.
  path: Assets/Scenes/SampleScene 1.unity
  artifactKey: Guid(9227055defd2cb745b6ade837a4c44d4) Importer(815301076,1909f56bfc062723c751e8b465ee728b)
Start importing Assets/Scenes/SampleScene 1.unity using Guid(9227055defd2cb745b6ade837a4c44d4) Importer(815301076,1909f56bfc062723c751e8b465ee728b)  -> (artifact id: '3d19a81c7780fcbcb3e00da862e113ad') in 0.005346 seconds 
========================================================================
Received Import Request.
  Time since last request: 31.334677 seconds.
  path: Assets/Scenes/ShopScene.unity
  artifactKey: Guid(9227055defd2cb745b6ade837a4c44d4) Importer(815301076,1909f56bfc062723c751e8b465ee728b)
Start importing Assets/Scenes/ShopScene.unity using Guid(9227055defd2cb745b6ade837a4c44d4) Importer(815301076,1909f56bfc062723c751e8b465ee728b)  -> (artifact id: '51bca18f4d0b76fbcbeff2f61ab15c38') in 0.005747 seconds 
========================================================================
Received Import Request.
  Time since last request: 14.951308 seconds.
  path: Assets/Scripts
  artifactKey: Guid(590572a75a9b02e4dbbb88fea156af90) Importer(815301076,1909f56bfc062723c751e8b465ee728b)
Start importing Assets/Scripts using Guid(590572a75a9b02e4dbbb88fea156af90) Importer(815301076,1909f56bfc062723c751e8b465ee728b)  -> (artifact id: 'd61ed029143098f46dee5d4eb8f5fe42') in 0.005837 seconds 
========================================================================
Received Import Request.
  Time since last request: 145.698014 seconds.
  path: Assets
  artifactKey: Guid(00000000000000001000000000000000) Importer(815301076,1909f56bfc062723c751e8b465ee728b)
Start importing Assets using Guid(00000000000000001000000000000000) Importer(815301076,1909f56bfc062723c751e8b465ee728b)  -> (artifact id: '79842766b460edbeab6a34051e857a80') in 0.005933 seconds 
========================================================================
Received Import Request.
  Time since last request: 22.371709 seconds.
  path: Assets/Scripts 1
  artifactKey: Guid(015a3cb8627a49f45bbea7930bec38de) Importer(815301076,1909f56bfc062723c751e8b465ee728b)
Start importing Assets/Scripts 1 using Guid(015a3cb8627a49f45bbea7930bec38de) Importer(815301076,1909f56bfc062723c751e8b465ee728b)  -> (artifact id: 'fb0d5ed5845025d4949e8d169116b41f') in 0.006425 seconds 
========================================================================
Received Import Request.
  Time since last request: 4.524449 seconds.
  path: Assets/Animations
  artifactKey: Guid(015a3cb8627a49f45bbea7930bec38de) Importer(815301076,1909f56bfc062723c751e8b465ee728b)
Start importing Assets/Animations using Guid(015a3cb8627a49f45bbea7930bec38de) Importer(815301076,1909f56bfc062723c751e8b465ee728b)  -> (artifact id: '98e26c64d52d8473c5b5a4806fbd54a5') in 0.006418 seconds 
========================================================================
Received Import Request.
  Time since last request: 0.834443 seconds.
  path: Assets/Scripts 1
  artifactKey: Guid(9f27432418dcf104aa16d5334ac55742) Importer(815301076,1909f56bfc062723c751e8b465ee728b)
Start importing Assets/Scripts 1 using Guid(9f27432418dcf104aa16d5334ac55742) Importer(815301076,1909f56bfc062723c751e8b465ee728b)  -> (artifact id: '4d194af727f2937772aa73ff9134092c') in 0.002779 seconds 
========================================================================
Received Import Request.
  Time since last request: 8.739008 seconds.
  path: Assets/Editor
  artifactKey: Guid(9f27432418dcf104aa16d5334ac55742) Importer(815301076,1909f56bfc062723c751e8b465ee728b)
Start importing Assets/Editor using Guid(9f27432418dcf104aa16d5334ac55742) Importer(815301076,1909f56bfc062723c751e8b465ee728b)  -> (artifact id: '120a4b2507cb5372bd9f790e91abf0e4') in 0.006534 seconds 
========================================================================
Received Import Request.
  Time since last request: 8.606275 seconds.
  path: Assets/Scripts 1
  artifactKey: Guid(28d74b4b6b36c9049971942ee3e620f4) Importer(815301076,1909f56bfc062723c751e8b465ee728b)
Start importing Assets/Scripts 1 using Guid(28d74b4b6b36c9049971942ee3e620f4) Importer(815301076,1909f56bfc062723c751e8b465ee728b)  -> (artifact id: 'a0373d7e7f8009a453c997412d4d8afd') in 0.002500 seconds 
========================================================================
Received Import Request.
  Time since last request: 4.056214 seconds.
  path: Assets/Images
  artifactKey: Guid(28d74b4b6b36c9049971942ee3e620f4) Importer(815301076,1909f56bfc062723c751e8b465ee728b)
Start importing Assets/Images using Guid(28d74b4b6b36c9049971942ee3e620f4) Importer(815301076,1909f56bfc062723c751e8b465ee728b)  -> (artifact id: '2db8703959973a18e6d5bcdece78affe') in 0.006254 seconds 
========================================================================
Received Import Request.
  Time since last request: 0.803053 seconds.
  path: Assets/Scripts 1
  artifactKey: Guid(cc8ed59400460d548b2827f646a1933d) Importer(815301076,1909f56bfc062723c751e8b465ee728b)
Start importing Assets/Scripts 1 using Guid(cc8ed59400460d548b2827f646a1933d) Importer(815301076,1909f56bfc062723c751e8b465ee728b)  -> (artifact id: 'cebec554b0b15f6f0845dc363f7024d3') in 0.002126 seconds 
========================================================================
Received Import Request.
  Time since last request: 9.100167 seconds.
  path: Assets/Material
  artifactKey: Guid(cc8ed59400460d548b2827f646a1933d) Importer(815301076,1909f56bfc062723c751e8b465ee728b)
Start importing Assets/Material using Guid(cc8ed59400460d548b2827f646a1933d) Importer(815301076,1909f56bfc062723c751e8b465ee728b)  -> (artifact id: '124062f123b4c059d6d416115aa600dd') in 0.006690 seconds 
========================================================================
Received Import Request.
  Time since last request: 2.632793 seconds.
  path: Assets/Scripts 1
  artifactKey: Guid(eea7a762c9fad65478f80c661860d634) Importer(815301076,1909f56bfc062723c751e8b465ee728b)
Start importing Assets/Scripts 1 using Guid(eea7a762c9fad65478f80c661860d634) Importer(815301076,1909f56bfc062723c751e8b465ee728b)  -> (artifact id: '3559aebeb6dd9cb5822800eb7f1412d9') in 0.002393 seconds 
========================================================================
Received Import Request.
  Time since last request: 10.281013 seconds.
  path: Assets/Physics
  artifactKey: Guid(eea7a762c9fad65478f80c661860d634) Importer(815301076,1909f56bfc062723c751e8b465ee728b)
Start importing Assets/Physics using Guid(eea7a762c9fad65478f80c661860d634) Importer(815301076,1909f56bfc062723c751e8b465ee728b)  -> (artifact id: '4231866ee5c7c798edc157ed6c4e9446') in 0.007926 seconds 
========================================================================
Received Import Request.
  Time since last request: 1.177220 seconds.
  path: Assets/Scripts 1
  artifactKey: Guid(eb04c3179d31d1d4096aa91e30cc1264) Importer(815301076,1909f56bfc062723c751e8b465ee728b)
Start importing Assets/Scripts 1 using Guid(eb04c3179d31d1d4096aa91e30cc1264) Importer(815301076,1909f56bfc062723c751e8b465ee728b)  -> (artifact id: '7d0c84eb1bd050e8d59c33063ec92a95') in 0.002103 seconds 
========================================================================
Received Import Request.
  Time since last request: 6.892467 seconds.
  path: Assets/Prefabs
  artifactKey: Guid(eb04c3179d31d1d4096aa91e30cc1264) Importer(815301076,1909f56bfc062723c751e8b465ee728b)
Start importing Assets/Prefabs using Guid(eb04c3179d31d1d4096aa91e30cc1264) Importer(815301076,1909f56bfc062723c751e8b465ee728b)  -> (artifact id: '26581e3e13083d040818c4a969f336e5') in 0.006123 seconds 
